0 info it worked if it ends with ok
1 verbose cli [ '/Users/anne/.nvm/versions/node/v7.1.0/bin/node',
1 verbose cli   '/Users/anne/.nvm/versions/node/v7.1.0/bin/npm',
1 verbose cli   'run',
1 verbose cli   'dev' ]
2 info using npm@3.10.9
3 info using node@v7.1.0
4 verbose stack Error: ENOENT: no such file or directory, open '/Users/anne/Dropbox/Training/Jobs/Olice/Projects/Olice Website/Animations/Logos/AK-animated-logos/package.json'
5 verbose cwd /Users/anne/Dropbox/Training/Jobs/Olice/Projects/Olice Website/Animations/Logos/AK-animated-logos
6 error Darwin 15.6.0
7 error argv "/Users/anne/.nvm/versions/node/v7.1.0/bin/node" "/Users/anne/.nvm/versions/node/v7.1.0/bin/npm" "run" "dev"
8 error node v7.1.0
9 error npm  v3.10.9
10 error path /Users/anne/Dropbox/Training/Jobs/Olice/Projects/Olice Website/Animations/Logos/AK-animated-logos/package.json
11 error code ENOENT
12 error errno -2
13 error syscall open
14 error enoent ENOENT: no such file or directory, open '/Users/anne/Dropbox/Training/Jobs/Olice/Projects/Olice Website/Animations/Logos/AK-animated-logos/package.json'
15 error enoent ENOENT: no such file or directory, open '/Users/anne/Dropbox/Training/Jobs/Olice/Projects/Olice Website/Animations/Logos/AK-animated-logos/package.json'
15 error enoent This is most likely not a problem with npm itself
15 error enoent and is related to npm not being able to find a file.
16 verbose exit [ -2, true ]
